[    0.000000] Initializing cgroup subsys cpuset
[    0.000000] Initializing cgroup subsys cpu
[    0.000000] Initializing cgroup subsys cpuacct
[    0.000000] Linux version 4.4.0-210-generic (buildd@lgw01-amd64-009) (gcc version 5.4.0 20160609 (Ubuntu 5.4.0-6ubuntu1~16.04.12) ) #242-Ubuntu SMP Fri Apr 16 09:57:56 UTC 2021 (Ubuntu 4.4.0-210.242-generic 4.4.262)
[    0.000000] Command line: BOOT_IMAGE=/boot/vmlinuz-4.4.0-210-generic root=LABEL=cloudimg-rootfs ro console=tty1 console=ttyS0
[    0.000000] KERNEL supported cpus:
[    0.000000]   Intel GenuineIntel
[    0.000000]   AMD AuthenticAMD
[    0.000000]   Centaur CentaurHauls
[    0.000000] x86/fpu: xstate_offset[2]:  576, xstate_sizes[2]:  256
[    0.000000] x86/fpu: Supporting XSAVE feature 0x01: 'x87 floating point registers'
[    0.000000] x86/fpu: Supporting XSAVE feature 0x02: 'SSE registers'
[    0.000000] x86/fpu: Supporting XSAVE feature 0x04: 'AVX registers'
[    0.000000] x86/fpu: Enabled xstate features 0x7, context size is 832 bytes, using 'standard' format.
[    0.000000] e820: BIOS-provided physical RAM map:
[    0.000000] BIOS-e820: [mem 0x0000000000000000-0x000000000009fbff] usable
[    0.000000] BIOS-e820: [mem 0x000000000009fc00-0x000000000009ffff] reserved
[    0.000000] BIOS-e820: [mem 0x00000000000f0000-0x00000000000fffff] reserved
[    0.000000] BIOS-e820: [mem 0x0000000000100000-0x000000001ffeffff] usable
[    0.000000] BIOS-e820: [mem 0x000000001fff0000-0x000000001fffffff] ACPI data
[    0.000000] BIOS-e820: [mem 0x00000000fec00000-0x00000000fec00fff] reserved
[    0.000000] BIOS-e820: [mem 0x00000000fee00000-0x00000000fee00fff] reserved
[    0.000000] BIOS-e820: [mem 0x00000000fffc0000-0x00000000ffffffff] reserved
[    0.000000] NX (Execute Disable) protection: active
[    0.000000] SMBIOS 2.5 present.
[    0.000000] Hypervisor detected: KVM
[    0.000000] e820: last_pfn = 0x1fff0 max_arch_pfn = 0x400000000
[    0.000000] MTRR: Disabled
[    0.000000] x86/PAT: MTRRs disabled, skipping PAT initialization too.
[    0.000000] CPU MTRRs all blank - virtualized system.
[    0.000000] x86/PAT: Configuration [0-7]: WB  WT  UC- UC  WB  WT  UC- UC
[    0.000000] found SMP MP-table at [mem 0x0009fff0-0x0009ffff] mapped at [ffff88000009fff0]
[    0.000000] Scanning 1 areas for low memory corruption
[    0.000000] RAMDISK: [mem 0x1e8c2000-0x1f74bfff]
[    0.000000] ACPI: Early table checksum verification disabled
[    0.000000] ACPI: RSDP 0x00000000000E0000 000024 (v02 VBOX  )
[    0.000000] ACPI: XSDT 0x000000001FFF0030 00003C (v01 VBOX   VBOXXSDT 00000001 ASL  00000061)
[    0.000000] ACPI: FACP 0x000000001FFF00F0 0000F4 (v04 VBOX   VBOXFACP 00000001 ASL  00000061)
[    0.000000] ACPI: DSDT 0x000000001FFF0470 002325 (v02 VBOX   VBOXBIOS 00000002 INTL 20200925)
[    0.000000] ACPI: FACS 0x000000001FFF0200 000040
[    0.000000] ACPI: FACS 0x000000001FFF0200 000040
[    0.000000] ACPI: APIC 0x000000001FFF0240 00005C (v02 VBOX   VBOXAPIC 00000001 ASL  00000061)
[    0.000000] ACPI: SSDT 0x000000001FFF02A0 0001CC (v01 VBOX   VBOXCPUT 00000002 INTL 20200925)
[    0.000000] No NUMA configuration found
[    0.000000] Faking a node at [mem 0x0000000000000000-0x000000001ffeffff]
[    0.000000] NODE_DATA(0) allocated [mem 0x1ffeb000-0x1ffeffff]
[    0.000000] kvm-clock: Using msrs 4b564d01 and 4b564d00
[    0.000000] kvm-clock: cpu 0, msr 0:1ffe3001, primary cpu clock
[    0.000000] kvm-clock: using sched offset of 11492462951 cycles
[    0.000000] clocksource: kvm-clock: mask: 0xffffffffffffffff max_cycles: 0x1cd42e4dffb, max_idle_ns: 881590591483 ns
[    0.000000] Zone ranges:
[    0.000000]   DMA      [mem 0x0000000000001000-0x0000000000ffffff]
[    0.000000]   DMA32    [mem 0x0000000001000000-0x000000001ffeffff]
[    0.000000]   Normal   empty
[    0.000000]   Device   empty
[    0.000000] Movable zone start for each node
[    0.000000] Early memory node ranges
[    0.000000]   node   0: [mem 0x0000000000001000-0x000000000009efff]
[    0.000000]   node   0: [mem 0x0000000000100000-0x000000001ffeffff]
[    0.000000] Initmem setup node 0 [mem 0x0000000000001000-0x000000001ffeffff]
[    0.000000] ACPI: PM-Timer IO Port: 0x4008
[    0.000000] IOAPIC[0]: apic_id 2, version 32, address 0xfec00000, GSI 0-23
[    0.000000] ACPI: INT_SRC_OVR (bus 0 bus_irq 0 global_irq 2 dfl dfl)
[    0.000000] ACPI: INT_SRC_OVR (bus 0 bus_irq 9 global_irq 9 low level)
[    0.000000] Using ACPI (MADT) for SMP configuration information
[    0.000000] smpboot: Allowing 2 CPUs, 0 hotplug CPUs
[    0.000000] PM: Registered nosave memory: [mem 0x00000000-0x00000fff]
[    0.000000] PM: Registered nosave memory: [mem 0x0009f000-0x0009ffff]
[    0.000000] PM: Registered nosave memory: [mem 0x000a0000-0x000effff]
[    0.000000] PM: Registered nosave memory: [mem 0x000f0000-0x000fffff]
[    0.000000] e820: [mem 0x20000000-0xfebfffff] available for PCI devices
[    0.000000] Booting paravirtualized kernel on KVM
[    0.000000] clocksource: refined-jiffies: mask: 0xffffffff max_cycles: 0xffffffff, max_idle_ns: 7645519600211568 ns
[    0.000000] setup_percpu: NR_CPUS:512 nr_cpumask_bits:512 nr_cpu_ids:2 nr_node_ids:1
[    0.000000] PERCPU: Embedded 33 pages/cpu @ffff88001fc00000 s95192 r8192 d31784 u1048576
[    0.000000] Built 1 zonelists in Node order, mobility grouping on.  Total pages: 128888
[    0.000000] Policy zone: DMA32
[    0.000000] Kernel command line: BOOT_IMAGE=/boot/vmlinuz-4.4.0-210-generic root=LABEL=cloudimg-rootfs ro console=tty1 console=ttyS0
[    0.000000] PID hash table entries: 2048 (order: 2, 16384 bytes)
[    0.000000] Memory: 481712K/523832K available (8644K kernel code, 1332K rwdata, 4044K rodata, 1492K init, 1164K bss, 42120K reserved, 0K cma-reserved)
[    0.000000] SLUB: HWalign=64, Order=0-3, MinObjects=0, CPUs=2, Nodes=1
[    0.000000] Kernel/User page tables isolation: enabled
[    0.000000] Hierarchical RCU implementation.
[    0.000000] 	Build-time adjustment of leaf fanout to 64.
[    0.000000] 	RCU restricting CPUs from NR_CPUS=512 to nr_cpu_ids=2.
[    0.000000] RCU: Adjusting geometry for rcu_fanout_leaf=64, nr_cpu_ids=2
[    0.000000] NR_IRQS:33024 nr_irqs:440 16
[    0.000000] Console: colour VGA+ 80x25
[    0.000000] console [tty1] enabled
[    0.000000] console [ttyS0] enabled
[    0.000000] tsc: Detected 3699.996 MHz processor
[    2.809464] Calibrating delay loop (skipped) preset value.. 7399.99 BogoMIPS (lpj=14799984)
[    2.848776] pid_max: default: 32768 minimum: 301
[    2.869976] ACPI: Core revision 20150930
[    2.889826] ACPI: 2 ACPI AML tables successfully acquired and loaded
[    2.920793] Security Framework initialized
[    2.940536] Yama: becoming mindful.
[    2.957970] AppArmor: AppArmor initialized
[    2.977227] Dentry cache hash table entries: 65536 (order: 7, 524288 bytes)
[    3.005700] Inode-cache hash table entries: 32768 (order: 6, 262144 bytes)
[    3.034190] Mount-cache hash table entries: 1024 (order: 1, 8192 bytes)
[    3.061240] Mountpoint-cache hash table entries: 1024 (order: 1, 8192 bytes)
[    3.090467] Initializing cgroup subsys io
[    3.109555] Initializing cgroup subsys memory
[    3.129659] Initializing cgroup subsys devices
[    3.150738] Initializing cgroup subsys freezer
[    3.171198] Initializing cgroup subsys net_cls
[    3.191670] Initializing cgroup subsys perf_event
[    3.213007] Initializing cgroup subsys net_prio
[    3.239386] Initializing cgroup subsys hugetlb
[    3.290682] Initializing cgroup subsys pids
[    3.336096] mce: CPU supports 0 MCE banks
[    3.357518] Last level iTLB entries: 4KB 0, 2MB 0, 4MB 0
[    3.380895] Last level dTLB entries: 4KB 0, 2MB 0, 4MB 0, 1GB 0
[    3.405845] Spectre V1 : Mitigation: usercopy/swapgs barriers and __user pointer sanitization
[    3.443435] Spectre V2 : Mitigation: Full generic retpoline
[    3.467397] Spectre V2 : Spectre v2 / SpectreRSB mitigation: Filling RSB on context switch
[    3.504068] Speculative Store Bypass: Vulnerable
[    3.526729] MDS: Vulnerable: Clear CPU buffers attempted, no microcode
[    3.638823] Freeing SMP alternatives memory: 36K
[    3.836601] ftrace: allocating 32380 entries in 127 pages
[    5.112603] smpboot: APIC(0) Converting physical 0 to logical package 0
[    5.148358] smpboot: Max logical packages: 1
[    5.174362] x2apic enabled
[    5.195466] Switched APIC routing to physical x2apic.
[    5.242868] ..TIMER: vector=0x30 apic1=0 pin1=2 apic2=-1 pin2=-1
[    5.378387] smpboot: CPU0: Intel(R) Xeon(R) CPU E5-1620 v2 @ 3.70GHz (family: 0x6, model: 0x3e, stepping: 0x4)
[    5.426581] Performance Events: unsupported p6 CPU model 62 no PMU driver, software events only.
[    5.683454] KVM setup paravirtual spinlock
[    5.703297] x86: Booting SMP configuration:
[    5.722653] .... node  #0, CPUs:      #1
[    5.743173] kvm-clock: cpu 1, msr 0:1ffe3041, secondary cpu clock
[    5.767006] mce: CPU supports 0 MCE banks
[    5.781322] x86: Booted up 1 node, 2 CPUs
[    5.804641] smpboot: Total of 2 processors activated (14799.98 BogoMIPS)
[    5.837607] devtmpfs: initialized
[    5.855685] evm: security.selinux
[    5.872599] evm: security.SMACK64
[    5.889289] evm: security.SMACK64EXEC
[    5.907061] evm: security.SMACK64TRANSMUTE
[    5.928684] evm: security.SMACK64MMAP
[    5.946568] evm: security.ima
[    5.962026] evm: security.capability
[    5.980376] clocksource: jiffies: mask: 0xffffffff max_cycles: 0xffffffff, max_idle_ns: 7645041785100000 ns
[    6.022189] futex hash table entries: 512 (order: 3, 32768 bytes)
[    6.048277] pinctrl core: initialized pinctrl subsystem
[    6.072187] RTC time:  8:14:20, date: 08/03/22
[    6.093352] NET: Registered protocol family 16
[    6.129032] cpuidle: using governor ladder
[    6.160649] cpuidle: using governor menu
[    6.179351] PCCT header not found.
[    6.196120] ACPI: bus type PCI registered
[    6.215167] acpiphp: ACPI Hot Plug PCI Controller Driver version: 0.5
[    6.243131] PCI: Using configuration type 1 for base access
[    6.288924] ACPI: Added _OSI(Module Device)
[    6.308505] ACPI: Added _OSI(Processor Device)
[    6.329303] ACPI: Added _OSI(3.0 _SCP Extensions)
[    6.350771] ACPI: Added _OSI(Processor Aggregator Device)
[    6.378927] ACPI: Executed 1 blocks of module-level executable AML code
[    6.416640] ACPI: Interpreter enabled
[    6.434788] ACPI: (supports S0 S5)
[    6.451881] ACPI: Using IOAPIC for interrupt routing
[    6.474674] PCI: Using host bridge windows from ACPI; if necessary, use "pci=nocrs" and report a bug
[    6.538213] ACPI: PCI Root Bridge [PCI0] (domain 0000 [bus 00-ff])
[    6.564284] acpi PNP0A03:00: _OSC: OS supports [ASPM ClockPM Segments MSI]
[    6.594047] acpi PNP0A03:00: _OSC: not requesting OS control; OS requires [ExtendedConfig ASPM ClockPM MSI]
[    6.674017] acpi PNP0A03:00: fail to add MMCONFIG information, can't access extended PCI configuration space under this bridge.
[    6.748540] PCI host bridge to bus 0000:00
[    6.768113] pci_bus 0000:00: root bus resource [io  0x0000-0x0cf7 window]
[    6.795869] pci_bus 0000:00: root bus resource [io  0x0d00-0xffff window]
[    6.823506] pci_bus 0000:00: root bus resource [mem 0x000a0000-0x000bffff window]
[    6.857774] pci_bus 0000:00: root bus resource [mem 0x20000000-0xfdffffff window]
[    6.891837] pci_bus 0000:00: root bus resource [bus 00-ff]
[    6.954797] pci 0000:00:01.1: legacy IDE quirk: reg 0x10: [io  0x01f0-0x01f7]
[    6.983439] pci 0000:00:01.1: legacy IDE quirk: reg 0x14: [io  0x03f6]
[    7.010523] pci 0000:00:01.1: legacy IDE quirk: reg 0x18: [io  0x0170-0x0177]
[    7.039103] pci 0000:00:01.1: legacy IDE quirk: reg 0x1c: [io  0x0376]
[    7.472786] pci 0000:00:07.0: quirk: [io  0x4000-0x403f] claimed by PIIX4 ACPI
[    7.507310] pci 0000:00:07.0: quirk: [io  0x4100-0x410f] claimed by PIIX4 SMB
[    7.679958] ACPI: PCI Interrupt Link [LNKA] (IRQs 5 9 10 *11)
[    7.721878] ACPI: PCI Interrupt Link [LNKB] (IRQs 5 9 *10 11)
[    7.797693] ACPI: PCI Interrupt Link [LNKC] (IRQs 5 *9 10 11)
[    7.865277] ACPI: PCI Interrupt Link [LNKD] (IRQs 5 9 10 *11)
[    7.907244] ACPI: Enabled 2 GPEs in block 00 to 07
[    7.939937] vgaarb: setting as boot device: PCI:0000:00:02.0
[    7.965485] vgaarb: device added: PCI:0000:00:02.0,decodes=io+mem,owns=io+mem,locks=none
[    8.004774] vgaarb: loaded
[    8.022002] vgaarb: bridge control possible 0000:00:02.0
[    8.048306] SCSI subsystem initialized
[    8.069161] ACPI: bus type USB registered
[    8.089657] usbcore: registered new interface driver usbfs
[    8.115052] usbcore: registered new interface driver hub
[    8.139476] usbcore: registered new device driver usb
[    8.165007] PCI: Using ACPI for IRQ routing
[    8.192142] NetLabel: Initializing
[    8.210082] NetLabel:  domain hash size = 128
[    8.231080] NetLabel:  protocols = UNLABELED CIPSOv4
[    8.254498] NetLabel:  unlabeled traffic allowed by default
[    8.280440] amd_nb: Cannot enumerate AMD northbridges
[    8.303943] clocksource: Switched to clocksource kvm-clock
[    8.347473] AppArmor: AppArmor Filesystem Enabled
[    8.368802] pnp: PnP ACPI init
[    8.392796] pnp: PnP ACPI: found 3 devices
[    8.421032] clocksource: acpi_pm: mask: 0xffffff max_cycles: 0xffffff, max_idle_ns: 2085701024 ns
[    8.459773] NET: Registered protocol family 2
[    8.481972] TCP established hash table entries: 4096 (order: 3, 32768 bytes)
[    8.510883] TCP bind hash table entries: 4096 (order: 4, 65536 bytes)
[    8.538182] TCP: Hash tables configured (established 4096 bind 4096)
[    8.565049] UDP hash table entries: 256 (order: 1, 8192 bytes)
[    8.589938] UDP-Lite hash table entries: 256 (order: 1, 8192 bytes)
[    8.616126] NET: Registered protocol family 1
[    8.636290] pci 0000:00:00.0: Limiting direct PCI/PCI transfers
[    8.661985] pci 0000:00:01.0: Activating ISA DMA hang workarounds
[    8.691352] Unpacking initramfs...
[    8.994956] Freeing initrd memory: 14888K
[    9.016280] RAPL PMU detected, API unit is 2^-32 Joules, 3 fixed counters 10737418240 ms ovfl timer
[    9.057747] hw unit of domain pp0-core 2^-0 Joules
[    9.080883] hw unit of domain package 2^-0 Joules
[    9.104516] hw unit of domain dram 2^-0 Joules
[    9.125531] clocksource: tsc: mask: 0xffffffffffffffff max_cycles: 0x6aaaa371c79, max_idle_ns: 881590671907 ns
[    9.169009] platform rtc_cmos: registered platform RTC device (no PNP device found)
[    9.204565] Scanning for low memory corruption every 60 seconds
[    9.233638] audit: initializing netlink subsys (disabled)
[    9.260369] audit: type=2000 audit(1659514471.080:1): initialized
[    9.288835] Initialise system trusted keyring
[    9.311717] HugeTLB registered 2 MB page size, pre-allocated 0 pages
[    9.341991] zbud: loaded
[    9.357778] VFS: Disk quotas dquot_6.6.0
[    9.376844] VFS: Dquot-cache hash table entries: 512 (order 0, 4096 bytes)
[    9.405297] squashfs: version 4.0 (2009/01/31) Phillip Lougher
[    9.431315] fuse init (API version 7.23)
[    9.450246] Key type big_key registered
[    9.469772] Allocating IMA MOK and blacklist keyrings.
[    9.503559] Key type asymmetric registered
[    9.523504] Asymmetric key parser 'x509' registered
[    9.546428] Block layer SCSI generic (bsg) driver version 0.4 loaded (major 249)
[    9.583023] io scheduler noop registered
[    9.602768] io scheduler deadline registered (default)
[    9.626047] io scheduler cfq registered
[    9.645396] pci_hotplug: PCI Hot Plug PCI Core version: 0.5
[    9.670234] pciehp: PCI Express Hot Plug Controller Driver version: 0.4
[    9.700819] ACPI: AC Adapter [AC] (on-line)
[    9.721573] input: Power Button as /devices/LNXSYSTM:00/LNXPWRBN:00/input/input0
[    9.757831] ACPI: Power Button [PWRF]
[    9.777335] input: Sleep Button as /devices/LNXSYSTM:00/LNXSLPBN:00/input/input1
[    9.812404] ACPI: Sleep Button [SLPF]
[    9.832339] GHES: HEST is not enabled!
[    9.854948] Serial: 8250/16550 driver, 32 ports, IRQ sharing enabled
[    9.940299] 00:02: ttyS0 at I/O 0x3f8 (irq = 4, base_baud = 115200) is a 16550A
[    9.977259] Linux agpgart interface v0.103
[   10.015505] loop: module loaded
[   10.040787] scsi host0: ata_piix
[   10.060018] scsi host1: ata_piix
[   10.078551] ata1: PATA max UDMA/33 cmd 0x1f0 ctl 0x3f6 bmdma 0xd000 irq 14
[   10.113844] ata2: PATA max UDMA/33 cmd 0x170 ctl 0x376 bmdma 0xd008 irq 15
[   10.150823] libphy: Fixed MDIO Bus: probed
[   10.171040] tun: Universal TUN/TAP device driver, 1.6
[   10.194159] tun: (C) 1999-2004 Max Krasnyansky <maxk@qualcomm.com>
[   10.220871] PPP generic driver version 2.4.2
[   10.241821] ehci_hcd: USB 2.0 'Enhanced' Host Controller (EHCI) Driver
[   10.269365] ehci-pci: EHCI PCI platform driver
[   10.290493] ehci-platform: EHCI generic platform driver
[   10.314467] ohci_hcd: USB 1.1 'Open' Host Controller (OHCI) Driver
[   10.341510] ohci-pci: OHCI PCI platform driver
[   10.362148] ohci-platform: OHCI generic platform driver
[   10.388075] uhci_hcd: USB Universal Host Controller Interface driver
[   10.415185] i8042: PNP: PS/2 Controller [PNP0303:PS2K,PNP0f03:PS2M] at 0x60,0x64 irq 1,12
[   10.493665] serio: i8042 KBD port at 0x60,0x64 irq 1
[   10.516696] serio: i8042 AUX port at 0x60,0x64 irq 12
[   10.539698] mousedev: PS/2 mouse device common for all mice
[   10.569499] rtc_cmos rtc_cmos: rtc core: registered rtc_cmos as rtc0
[   10.597918] input: AT Translated Set 2 keyboard as /devices/platform/i8042/serio0/input/input2
[   10.636430] rtc_cmos rtc_cmos: alarms up to one day, 114 bytes nvram
[   10.662962] i2c /dev entries driver
[   10.681204] device-mapper: uevent: version 1.0.3
[   10.705413] device-mapper: ioctl: 4.34.0-ioctl (2015-10-28) initialised: dm-devel@redhat.com
[   10.742698] ledtrig-cpu: registered to indicate activity on CPUs
[   10.771378] NET: Registered protocol family 10
[   10.793505] NET: Registered protocol family 17
[   10.814176] Key type dns_resolver registered
[   10.835464] registered taskstats version 1
[   10.855810] Loading compiled-in X.509 certificates
[   10.878815] Loaded X.509 cert 'Build time autogenerated kernel key: cf00e047681d67edb2720680708b7d9498083038'
[   10.922189] zswap: loaded using pool lzo/zbud
[   10.949113] Key type trusted registered
[   10.977540] Key type encrypted registered
[   10.997496] AppArmor: AppArmor sha1 policy hashing enabled
[   11.021541] ima: No TPM chip found, activating TPM-bypass!
[   11.045938] ima: Allocated hash algorithm: sha1
[   11.067516] evm: HMAC attrs: 0x1
[   11.089341]   Magic number: 2:252:219
[   11.109528] rtc_cmos rtc_cmos: setting system clock to 2022-08-03 08:14:25 UTC (1659514465)
[   11.153621] BIOS EDD facility v0.16 2004-Jun-25, 0 devices found
[   11.183769] EDD information not available.
[   11.211078] Freeing unused kernel memory: 1492K
[   11.238224] Write protecting the kernel read-only data: 14336k
[   11.272474] Freeing unused kernel memory: 1584K
[   11.294014] Freeing unused kernel memory: 52K
Loading, please wait...
starting version 229
[   11.360362] random: systemd-udevd: uninitialized urandom read (16 bytes read, 4 bits of entropy available)
[   11.364348] random: udevadm: uninitialized urandom read (16 bytes read, 4 bits of entropy available)
[   11.364373] random: udevadm: uninitialized urandom read (16 bytes read, 4 bits of entropy available)
[   11.395493] random: udevadm: uninitialized urandom read (16 bytes read, 4 bits of entropy available)
[   11.395536] random: udevadm: uninitialized urandom read (16 bytes read, 4 bits of entropy available)
[   11.395689] random: udevadm: uninitialized urandom read (16 bytes read, 4 bits of entropy available)
[   11.395745] random: udevadm: uninitialized urandom read (16 bytes read, 4 bits of entropy available)
[   11.395807] random: udevadm: uninitialized urandom read (16 bytes read, 4 bits of entropy available)
[   11.395874] random: udevadm: uninitialized urandom read (16 bytes read, 4 bits of entropy available)
[   11.395936] random: udevadm: uninitialized urandom read (16 bytes read, 4 bits of entropy available)
[   11.827904] e1000: Intel(R) PRO/1000 Network Driver - version 7.3.21-k8-NAPI
[   11.865882] e1000: Copyright (c) 1999-2006 Intel Corporation.
[   11.963078] AVX version of gcm_enc/dec engaged.
[   11.987186] AES CTR mode by8 optimization enabled
[   12.017015] Fusion MPT base driver 3.04.20
[   12.038679] Copyright (c) 1999-2008 LSI Corporation
[   12.078543] Fusion MPT SPI Host driver 3.04.20
[   12.183326] input: ImExPS/2 Generic Explorer Mouse as /devices/platform/i8042/serio1/input/input4
[   13.700675] e1000 0000:00:03.0 eth0: (PCI:33MHz:32-bit) 02:be:82:6b:cc:1d
[   13.728734] e1000 0000:00:03.0 eth0: Intel(R) PRO/1000 Network Connection
[   15.497726] e1000 0000:00:08.0 eth1: (PCI:33MHz:32-bit) 08:00:27:c6:15:18
[   15.525957] e1000 0000:00:08.0 eth1: Intel(R) PRO/1000 Network Connection
[   15.563352] e1000 0000:00:08.0 enp0s8: renamed from eth1
[   15.588973] mptbase: ioc0: Initiating bringup
[   15.626113] e1000 0000:00:03.0 enp0s3: renamed from eth0
[   15.712592] ioc0: LSI53C1030 A0: Capabilities={Initiator}
[   15.931136] scsi host2: ioc0: LSI53C1030 A0, FwRev=00000000h, Ports=1, MaxQ=256, IRQ=20
[   16.086218] scsi 2:0:0:0: Direct-Access     VBOX     HARDDISK         1.0  PQ: 0 ANSI: 5
[   16.124350] scsi target2:0:0: Beginning Domain Validation
[   16.157936] scsi target2:0:0: Domain Validation skipping write tests
[   16.185215] scsi target2:0:0: Ending Domain Validation
[   16.402723] scsi target2:0:0: asynchronous
[   16.424904] scsi 2:0:1:0: Direct-Access     VBOX     HARDDISK         1.0  PQ: 0 ANSI: 5
[   16.460648] scsi target2:0:1: Beginning Domain Validation
[   16.492476] scsi target2:0:1: Domain Validation skipping write tests
[   16.518803] scsi target2:0:1: Ending Domain Validation
[   16.541740] scsi target2:0:1: asynchronous
[   16.604404] sd 2:0:0:0: [sda] 83886080 512-byte logical blocks: (42.9 GB/40.0 GiB)
[   16.640894] sd 2:0:0:0: Attached scsi generic sg0 type 0
[   16.666502] sd 2:0:1:0: Attached scsi generic sg1 type 0
[   16.666544] sd 2:0:1:0: [sdb] 20480 512-byte logical blocks: (10.5 MB/10.0 MiB)
[   16.666723] sd 2:0:0:0: [sda] Write Protect is off
[   16.774101] sd 2:0:0:0: [sda] Incomplete mode parameter data
[   16.774103] sd 2:0:0:0: [sda] Assuming drive cache: write through
[   16.826216] sd 2:0:1:0: [sdb] Write Protect is off
[   16.898832] sd 2:0:1:0: [sdb] Incomplete mode parameter data
[   16.923131] sd 2:0:1:0: [sdb] Assuming drive cache: write through
[   16.932951]  sda: sda1
[   16.939530] sd 2:0:0:0: [sda] Attached SCSI disk
[   17.012845] sd 2:0:1:0: [sdb] Attached SCSI disk
Begin: Loading essential drivers ... [   23.963810] md: linear personality registered for level -1
[   23.993733] md: multipath personality registered for level -4
[   24.024934] md: raid0 personality registered for level 0
[   24.070767] md: raid1 personality registered for level 1
[   24.168193] raid6: sse2x1   gen()  9526 MB/s
[   24.256112] raid6: sse2x1   xor()  7597 MB/s
[   24.344156] raid6: sse2x2   gen() 11935 MB/s
[   24.428161] raid6: sse2x2   xor()  8137 MB/s
[   24.516160] raid6: sse2x4   gen() 13909 MB/s
[   24.600108] raid6: sse2x4   xor()  9232 MB/s
[   24.623600] raid6: using algorithm sse2x4 gen() 13909 MB/s
[   24.647582] raid6: .... xor() 9232 MB/s, rmw enabled
[   24.669782] raid6: using ssse3x2 recovery algorithm
[   24.698784] xor: automatically using best checksumming function:
[   24.798368]    avx       : 94777.000 MB/sec
[   24.822911] async_tx: api initialized (async)
[   24.914039] md: raid6 personality registered for level 6
[   24.944777] md: raid5 personality registered for level 5
[   24.969084] md: raid4 personality registered for level 4
[   25.029686] md: raid10 personality registered for level 10
done.
Begin: Running /scripts/init-premount ... done.
Begin: Mounting root file system ... Begin: Running /scripts/local-top ... done.
Begin: Running /scripts/local-premount ... [   25.212454] Btrfs loaded
Scanning for Btrfs filesystems
done.
Warning: fsck not present, so skipping root file system
[   25.347086] EXT4-fs (sda1): mounted filesystem with ordered data mode. Opts: (null)
done.
Begin: Running /scripts/local-bottom ... done.
Begin: Running /scripts/init-bottom ... done.
[   26.031771] systemd[1]: systemd 229 running in system mode. (+PAM +AUDIT +SELINUX +IMA +APPARMOR +SMACK +SYSVINIT +UTMP +LIBCRYPTSETUP +GCRYPT +GNUTLS +ACL +XZ -LZ4 +SECCOMP +BLKID +ELFUTILS +KMOD -IDN)
[   26.104776] systemd[1]: Detected virtualization oracle.
[   26.127488] systemd[1]: Detected architecture x86-64.

Welcome to [1mUbuntu 16.04.7 LTS[0m!

[   26.189052] systemd[1]: Set hostname to <ubuntu>.
[   26.234232] systemd[1]: Initializing machine ID from random generator.
[   26.261174] systemd[1]: Installed transient /etc/machine-id file.
[   27.021521] systemd[1]: Listening on Journal Audit Socket.
[[0;32m  OK  [0m] Listening on Journal Audit Socket.
[   27.066987] systemd[1]: Listening on udev Control Socket.
[[0;32m  OK  [0m] Listening on udev Control Socket.
[   27.107837] systemd[1]: Listening on udev Kernel Socket.
[[0;32m  OK  [0m] Listening on udev Kernel Socket.
[   27.148534] systemd[1]: Listening on fsck to fsckd communication Socket.
[[0;32m  OK  [0m] Listening on fsck to fsckd communication Socket.
[   27.196533] systemd[1]: Set up automount Arbitrary Executable File Formats File System Automount Point.
[[0;32m  OK  [0m] Set up automount Arbitrary Executab...ats File System Automount Point.
[   27.263502] systemd[1]: Listening on LVM2 poll daemon socket.
[[0;32m  OK  [0m] Listening on LVM2 poll daemon socket.
[   27.309937] systemd[1]: Listening on Journal Socket (/dev/log).
[[0;32m  OK  [0m] Listening on Journal Socket (/dev/log).
[   27.354691] systemd[1]: Started Trigger resolvconf update for networkd DNS.
[[0;32m  OK  [0m] Started Trigger resolvconf update for networkd DNS.
[   27.403466] systemd[1]: Reached target Swap.
[[0;32m  OK  [0m] Reached target Swap.
[   27.438002] systemd[1]: Created slice User and Session Slice.
[[0;32m  OK  [0m] Created slice User and Session Slice.
[   27.479596] systemd[1]: Listening on Device-mapper event daemon FIFOs.
[[0;32m  OK  [0m] Listening on Device-mapper event daemon FIFOs.
[   27.527607] systemd[1]: Reached target System Time Synchronized.
[[0;32m  OK  [0m] Reached target System Time Synchronized.
[   27.572878] systemd[1]: Created slice System Slice.
[[0;32m  OK  [0m] Created slice System Slice.
[   27.612913] systemd[1]: Created slice system-serial\x2dgetty.slice.
[[0;32m  OK  [0m] Created slice system-serial\x2dgetty.slice.
[   27.659089] systemd[1]: Listening on LVM2 metadata daemon socket.
[[0;32m  OK  [0m] Listening on LVM2 metadata daemon socket.
[   27.703334] systemd[1]: Reached target User and Group Name Lookups.
[[0;32m  OK  [0m] Reached target User and Group Name Lookups.
[   27.750382] systemd[1]: Listening on /dev/initctl Compatibility Named Pipe.
[[0;32m  OK  [0m] Listening on /dev/initctl Compatibility Named Pipe.
[   27.801506] systemd[1]: Reached target Encrypted Volumes.
[[0;32m  OK  [0m] Reached target Encrypted Volumes.
[   27.841970] systemd[1]: Listening on Journal Socket.
[[0;32m  OK  [0m] Listening on Journal Socket.
[   27.892358] systemd[1]: Starting File System Check on Root Device...
[   27.901246] random: nonblocking pool is initialized
         Starting File System Check on Root Device...
[   27.962444] systemd[1]: Starting Set console keymap...
         Starting Set console keymap...
[   28.007796] systemd[1]: Starting Nameserver information manager...
         Starting Nameserver information manager...
[   28.059110] systemd[1]: Mounting Huge Pages File System...
         Mounting Huge Pages File System...
[   28.133698] systemd[1]: Starting Uncomplicated firewall...
         Starting Uncomplicated firewall...
[   28.192372] systemd[1]: Starting Monitoring of LVM2 mirrors, snapshots etc. using dmeventd or progress polling...
         Starting Monitoring of LVM2 mirrors... dmeventd or progress polling...
[   28.267902] systemd[1]: Mounting Debug File System...
         Mounting Debug File System...
[   28.308356] systemd[1]: Mounting POSIX Message Queue File System...
         Mounting POSIX Message Queue File System...
[   28.353687] systemd[1]: Starting Create list of required static device nodes for the current kernel...
         Starting Create list of required st... nodes for the current kernel...
[   28.440569] systemd[1]: Starting Load Kernel Modules...
         Starting Load Kernel Modules...
[   28.484226] systemd[1]: Reached target Slices.
[   28.509806] Loading iSCSI transport class v2.0-870.
[[0;32m  OK  [0m] Reached target Slices.
[   28.542718] systemd[1]: Listening on Syslog Socket.
[[0;32m  OK  [0m] Listening on Syslog Socket.
[   28.594537] iscsi: registered transport (tcp)
[   28.617027] systemd[1]: Starting Journal Service...
         Starting Journal Service...
[   28.656502] systemd[1]: Started Forward Password Requests to Wall Directory Watch.
[[0;32m  OK  [0m] Started Forward Password Requests to Wall Directory Watch.
[   28.737144] systemd[1]: Mounted Huge Pages File System.
[[0;32m  OK  [0m] Mounted Huge Pages File System.
[   28.797036] systemd[1]: Mounted POSIX Message Queue File System.
[[0;32m  OK  [0m] Mounted POSIX Message Queue File System.
[   28.845315] systemd[1]: Mounted Debug File System.
[[0;32m  OK  [0m] Mounted Debug File System.
[   28.885076] systemd[1]: Started Journal Service.
[[0;32m  OK  [0m] Started Journal Service.
[[0;32m  OK  [0m] Started File System Check on Root Device.
[[0;32m  OK  [0m] Started Set console keymap.
[   28.967605] iscsi: registered transport (iser)
[[0;32m  OK  [0m] Started Uncomplicated firewall.
[[0;32m  OK  [0m] Started Create list of required sta...ce nodes for the current kernel.
[[0;32m  OK  [0m] Started Load Kernel Modules.
[[0;32m  OK  [0m] Started Nameserver information manager.
[[0;32m  OK  [0m] Started LVM2 metadata daemon.
[[0;32m  OK  [0m] Started File System Check Daemon to report status.
         Mounting FUSE Control File System...
         Starting Apply Kernel Variables...
         Starting Create Static Device Nodes in /dev...
         Starting Remount Root and Kernel File Systems...
[   29.197980] EXT4-fs (sda1): re-mounted. Opts: (null)
[[0;32m  OK  [0m] Mounted FUSE Control File System.
[[0;32m  OK  [0m] Started Apply Kernel Variables.
[[0;32m  OK  [0m] Started Remount Root and Kernel File Systems.
[[0;32m  OK  [0m] Started Create Static Device Nodes in /dev.
         Starting udev Kernel Device Manager...
         Starting Load/Save Random Seed...
         Starting udev Coldplug all Devices...
         Starting Flush Journal to Persistent Storage...
[[0;32m  OK  [0m] Started Monitoring of LVM2 mirrors,...ng dmeventd or progress polling.
[[0;32m  OK  [0m] Started Load/Save Random Seed.
[[0;32m  OK  [0m] Reached target Local File Systems (Pre).
[[0;32m  OK  [0m] Reached target Local File Systems.
         Starting Tell Plymouth To Write Out Runtime Data...
         Starting LSB: AppArmor initialization...
         Starting Set console font and keymap...
         Starting Initial cloud-init job (pre-networking)...
         Starting Commit a transient machine-id on disk...
[[0;32m  OK  [0m] Started Tell Plymouth To Write Out Runtime Data.
[[0;32m  OK  [0m] Started Flush Journal to Persistent Storage.
         Starting Create Volatile Files and Directories...
[[0;32m  OK  [0m] Started Commit a transient machine-id on disk.
[[0;32m  OK  [0m] Started udev Coldplug all Devices.
[[0;32m  OK  [0m] Started Create Volatile Files and Directories.
[[0;32m  OK  [0m] Started udev Kernel Device Manager.
         Starting Update UTMP about System Boot/Shutdown...
[[0;32m  OK  [0m] Started Dispatch Password Requests to Console Directory Watch.
[[0;32m  OK  [0m] Started Update UTMP about System Boot/Shutdown.
[[0;32m  OK  [0m] Found device /dev/ttyS0.
[[0;32m  OK  [0m] Started LSB: AppArmor initialization.
[[0;32m  OK  [0m] Listening on Load/Save RF Kill Switch Status /dev/rfkill Watch.
[   27.053142] cloud-init[473]: Cloud-init v. 21.1-19-gbad84ad4-0ubuntu1~16.04.2 running 'init-local' at Wed, 03 Aug 2022 08:14:46 +0000. Up 26.39 seconds.
         Starting Load AppArmor profiles managed internally by snapd...
[[0;32m  OK  [0m] Started Load AppArmor profiles managed internally by snapd.
[[0;32m  OK  [0m] Started Initial cloud-init job (pre-networking).
[[0;32m  OK  [0m] Reached target Network (Pre).
         Starting Raise network interfaces...
[[0;32m  OK  [0m] Started Set console font and keymap.
[[0;32m  OK  [0m] Created slice system-getty.slice.
[[0;32m  OK  [0m] Started Raise network interfaces.
[[0;32m  OK  [0m] Reached target Network.
         Starting Initial cloud-init job (metadata service crawler)...
[   43.010640] cloud-init[952]: Cloud-init v. 21.1-19-gbad84ad4-0ubuntu1~16.04.2 running 'init' at Wed, 03 Aug 2022 08:15:01 +0000. Up 41.22 seconds.
[   43.042670] cloud-init[952]: ci-info: ++++++++++++++++++++++++++++++++++++++Net device info+++++++++++++++++++++++++++++++++++++++
[   43.073491] cloud-init[952]: ci-info: +--------+-------+----------------------------+---------------+--------+-------------------+
[   43.102512] cloud-init[952]: ci-info: | Device |   Up  |          Address           |      Mask     | Scope  |     Hw-Address    |
[   43.131437] cloud-init[952]: ci-info: +--------+-------+----------------------------+---------------+--------+-------------------+
[   43.166362] cloud-init[952]: ci-info: | enp0s3 |  True |         10.0.2.15          | 255.255.255.0 | global | 02:be:82:6b:cc:1d |
[   43.196382] cloud-init[952]: ci-info: | enp0s3 |  True | fe80::be:82ff:fe6b:cc1d/64 |       .       |  link  | 02:be:82:6b:cc:1d |
[   43.225491] cloud-init[952]: ci-info: | enp0s8 | False |             .              |       .       |   .    | 08:00:27:c6:15:18 |
[[   43.229355] [0;32m  OK  [0mcloud-init] [952]: Started Initial cloud-init job (metadata service crawler).ci-info: |   lo   |  True |         127.0.0.1          |   255.0.0.0   |  host  |         .         |

[[0;32m  OK  [0m] Reached target Cloud-config availability.
[[0;32m  OK  [0m] Reached target System Initialization.
[   43.291779] cloud-init[952]: ci-info: |   lo   |  True |          ::1/128           |       .       |  host  |         .         |
[[0;32m  OK  [0m] Started Ubuntu Advantage update messaging.
[[0;32m  OK  [0m] Listening on D-Bus System Message Bus Socket.
[[0;32m  OK  [0m] Listening on UUID daemon activation socket.
[[0;32m  OK  [0m] Started Daily Cleanup of Temporary Directories.
[   43.352399] cloud-init[952]: ci-info: +--------+-------+----------------------------+---------------+--------+-------------------+
[[   43.448557] cloud-init[952]: ci-info: +++++++++++++++++++++++++++Route IPv4 info++++++++++++++++++++++++++++
[   43.453982] cloud-init[952]: ci-info: +-------+-------------+----------+---------------+-----------+-------+
[   43.454048] cloud-init[952]: ci-info: | Route | Destination | Gateway  |    Genmask    | Interface | Flags |
[   43.497445] cloud-init[952]: ci-info: +-------+-------------+----------+---------------+-----------+-------+
[   43.515769] cloud-init[952]: ci-info: |   0   |   0.0.0.0   | 10.0.2.2 |    0.0.0.0    |   enp0s3  |   UG  |
[   43.515850] cloud-init[952]: ci-info: |   1   |   10.0.2.0  | 0.0.0.0  | 255.255.255.0 |   enp0s3  |   U   |
[   43.515899] cloud-init[952]: ci-info: +-------+-------------+----------+---------------+-----------+-------+
[   43.515942] cloud-init[952]: ci-info: +++++++++++++++++++Route IPv6 info+++++++++++++++++++
[   43.515985] cloud-init[952]: ci-info: +-------+-------------+---------+-----------+-------+
[   43.516028] cloud-init[952]: ci-info: | Route | Destination | Gateway | Interface | Flags |
[   43.534686] cloud-init[952]: ci-info: +-------+-------------+---------+-----------+-------+
[   43.534736] cloud-init[952]: ci-info: |   0   |  fe80::/64  |    ::   |   enp0s3  |   U   |
[   43.538301] cloud-init[952]: ci-info: |   3   |   ff00::/8  |    ::   |   enp0s3  |   U   |
[   43.576370] cloud-init[952]: ci-info: +-------+-------------+---------+-----------+-------+
[   43.626210] cloud-init[952]: Generating public/private rsa key pair.
[   43.670992] cloud-init[952]: Your identification has been saved in /etc/ssh/ssh_host_rsa_key.
[   43.671227] cloud-init[952]: Your public key has been saved in /etc/ssh/ssh_host_rsa_key.pub.
[   43.671277] cloud-init[952]: The key fingerprint is:
[   43.671320] cloud-init[952]: SHA256:+XDaZqLby/umJ2M3Fs+3YnO6lM3+UdEfOaPf8dSustg root@ubuntu-xenial
[   43.671363] cloud-init[952]: The key's randomart image is:
[   43.671407] cloud-init[952]: +---[RSA 2048]----+
[   43.671448] cloud-init[952]: |                 |
[   43.671491] cloud-init[952]: |                o|
[   43.671532] cloud-init[952]: |               *.|
[   43.671573] cloud-init[952]: |         .    . B|
[   43.671616] cloud-init[952]: |        S .  . .=|
[   43.671669] cloud-init[952]: |         *.  +.o=|
[   43.671712] cloud-init[952]: |        o =+o oo+|
[   43.671756] cloud-init[952]: |       +++*+B.o..|
[   43.671798] cloud-init[952]: |      oo*%ooEX+o.|
[   43.671855] cloud-init[952]: +----[SHA256]-----+
[   43.671898] cloud-init[952]: Generating public/private dsa key pair.
[   43.671940] cloud-init[952]: Your identification has been saved in /etc/ssh/ssh_host_dsa_key.
[   43.671983] cloud-init[952]: Your public key has been saved in /etc/ssh/ssh_host_dsa_key.pub.
[   43.672029] cloud-init[952]: The key fingerprint is:
[   43.672378] cloud-init[952]: SHA256:b5rg5DZvvpy6TfIGKeX0o7kY1dJzWTQmJgjSnkIcfLc root@ubuntu-xenial
[   43.672425] cloud-init[952]: The key's randomart image is:
[   43.672466] cloud-init[952]: +---[DSA 1024]----+
[   43.672509] cloud-init[952]: | ooo.. .. o +    |
[   43.672551] cloud-init[952]: |  +.o o  o + .   |
[   43.672596] cloud-init[952]: | . o o .    .    |
[   43.672641] cloud-init[952]: |  . o Eo   o     |
[   43.672683] cloud-init[952]: |   . +ooS o      |
[   43.672726] cloud-init[952]: |    ..+.o+       |
[   43.672769] cloud-init[952]: |    ..++..o      |
[   43.672810] cloud-init[952]: |     *=Bo=       |
[   43.672853] cloud-init[952]: |    ..*X@.       |
[   43.672894] cloud-init[952]: +----[SHA256]-----+
[   43.672935] cloud-init[952]: Generating public/private ecdsa key pair.
[   43.672978] cloud-init[952]: Your identification has been saved in /etc/ssh/ssh_host_ecdsa_key.
[   43.673021] cloud-init[952]: Your public key has been saved in /etc/ssh/ssh_host_ecdsa_key.pub.
[   43.673067] cloud-init[952]: The key fingerprint is:
[   43.673110] cloud-init[952]: SHA256:WnLT/xtazDjYDEfvQAVMyfec+INUGN9olB9Qg/qN9FY root@ubuntu-xenial
[   43.673151] cloud-init[952]: The key's randomart image is:
[   43.673194] cloud-init[952]: +---[ECDSA 256]---+
[   43.673236] cloud-init[952]: |           +o=O+ |
[   43.673277] cloud-init[952]: |            +=++o|
[   43.673320] cloud-init[952]: |            +.==+|
[   43.673360] cloud-init[952]: |         . + * .E|
[   43.673403] cloud-init[952]: |      . S o * B .|
[   43.673445] cloud-init[952]: |       = . B X * |
[   43.673487] cloud-init[952]: |      .   . * B .|
[   43.673531] cloud-init[952]: |             = . |
[   43.673627] cloud-init[952]: |            . o. |
[   43.673675] cloud-init[952]: +----[SHA256]-----+
[   43.673716] cloud-init[952]: Generating public/private ed25519 key pair.
[   43.673758] cloud-init[952]: Your identification has been saved in /etc/ssh/ssh_host_ed25519_key.
[   43.673801] cloud-init[952]: Your public key has been saved in /etc/ssh/ssh_host_ed25519_key.pub.
[   43.673844] cloud-init[952]: The key fingerprint is:
[   43.673885] cloud-init[952]: SHA256:zzCOJ/S/1mILfmbKOZUTC/P080Io3rNUQ0DF45kgFJY root@ubuntu-xenial
[   43.673928] cloud-init[952]: The key's randomart image is:
[   43.673970] cloud-init[952]: +--[ED25519 256]--+
[   43.674013] cloud-init[952]: |       .++oo.    |
[   43.674056] cloud-init[952]: |       .E ..o    |
[   44.572385] cloud-init[952]: |         . o.+   |
[   44.584717] cloud-init[952]: |        o o.+    |
[   44.584768] cloud-init[952]: |      . S= *o    |
[   44.584811] cloud-init[952]: |     . +.=B.+.   |
[   44.584853] cloud-init[952]: |      o.=+++ o   |
[   44.584896] cloud-init[952]: |       =o=X o .  |
[   44.584938] cloud-init[952]: |        =O=* .   |
[   44.584979] cloud-init[952]: +----[SHA256]-----+
[0;32m  OK  [0m] Started ACPI Events Check.
[[0;32m  OK  [0m] Reached target Paths.
         Starting Socket activation for snappy daemon.
         Starting LXD - unix socket.
[[0;32m  OK  [0m] Started Message of the Day.
[[0;32m  OK  [0m] Listening on ACPID Listen Socket.
[[0;32m  OK  [0m] Started Daily apt download activities.
[[0;32m  OK  [0m] Started Daily apt upgrade and clean activities.
[[0;32m  OK  [0m] Reached target Timers.
[[0;32m  OK  [0m] Reached target Network is Online.
         Starting iSCSI initiator daemon (iscsid)...
[[0;32m  OK  [0m] Listening on Socket activation for snappy daemon.
[[0;32m  OK  [0m] Listening on LXD - unix socket.
[[0;32m  OK  [0m] Reached target Sockets.
[[0;32m  OK  [0m] Reached target Basic System.
[[0;32m  OK  [0m] Started Regular background program processing daemon.
         Starting LXD - container startup/shutdown...
[[0;32m  OK  [0m] Started ACPI event daemon.
         Starting LSB: Record successful boot for GRUB...
         Starting LSB: MD monitoring daemon...
         Starting /etc/rc.local Compatibility...
         Starting Snap Daemon...
[[0;32m  OK  [0m] Started D-Bus System Message Bus.
         Starting Accounts Service...
         Starting Login Service...
         Starting Virtualbox guest utils...
[[0;32m  OK  [0m] Started Deferred execution scheduler.
         Starting Pollinate to seed the pseudo random number generator...
         Starting System Logging Service...
[[0;32m  OK  [0m] Started FUSE filesystem for LXC.
[[0;32m  OK  [0m] Started /etc/rc.local Compatibility.
[[0;32m  OK  [0m] Started iSCSI initiator daemon (iscsid).
[[0;32m  OK  [0m] Started System Logging Service.
         Starting Login to default iSCSI targets...
[[0;32m  OK  [0m] Started LXD - container startup/shutdown.
[[0;32m  OK  [0m] Started Login Service.
[[0;32m  OK  [0m] Started LSB: Record successful boot for GRUB.
[[0;32m  OK  [0m] Started LSB: MD monitoring daemon.
         Starting Authenticate and Authorize Users to Run Privileged Tasks...
[[0;32m  OK  [0m] Started Unattended Upgrades Shutdown.
[[0;32m  OK  [0m] Started Authenticate and Authorize Users to Run Privileged Tasks.
[[0;32m  OK  [0m] Started Virtualbox guest utils.
[[0;32m  OK  [0m] Started Login to default iSCSI targets.
[[0;32m  OK  [0m] Started Accounts Service.
[[0;32m  OK  [0m] Reached target Remote File Systems (Pre).
[[0;32m  OK  [0m] Reached target Remote File Systems.
         Starting Permit User Sessions...
         Starting LSB: automatic crash report generation...
         Starting LSB: Set the CPU Frequency Scaling governor to "ondemand"...
         Starting LSB: daemon to balance interrupts for SMP systems...
[[0;32m  OK  [0m] Started Snap Daemon.
[[0;32m  OK  [0m] Started Permit User Sessions.
         Starting Terminate Plymouth Boot Screen...
         Starting Hold until boot process finishes up...
         Starting Wait until snapd is fully seeded...
[[0;32m  OK  [0m] Started LSB: automatic crash report generation.
[[0;32m  OK  [0m] Started Terminate Plymouth Boot Screen.
[[0;32m  OK  [0m] Started Hold until boot process finishes up.
         Starting Set console scheme...
[[0;32m  OK  [0m] Started Serial Getty on ttyS0.
[[0;32m  OK  [0m] Started Getty on tty1.
[[0;32m  OK  [0m] Reached target Login Prompts.
[[0;32m  OK  [0m] Started Pollinate to seed the pseudo random number generator.
[[0;32m  OK  [0m] Started LSB: Set the CPU Frequency Scaling governor to "ondemand".
[[0;32m  OK  [0m] Started LSB: daemon to balance interrupts for SMP systems.
[[0;32m  OK  [0m] Started Set console scheme.
         Starting OpenBSD Secure Shell server...
[[0;32m  OK  [0m] Started OpenBSD Secure Shell server.
[[0;32m  OK  [0m] Created slice User Slice of vagrant.
         Starting User Manager for UID 1000...
[[0;32m  OK  [0m] Started Session 1 of user vagrant.
[[0;32m  OK  [0m] Started User Manager for UID 1000.
[[0;32m  OK  [0m] Started Wait until snapd is fully seeded.
         Starting Apply the settings specified in cloud-config...
[[0;32m  OK  [0m] Reached target Multi-User System.
[[0;32m  OK  [0m] Reached target Graphical Interface.
         Starting Update UTMP about System Runlevel Changes...
[[0;32m  OK  [0m] Started Update UTMP about System Runlevel Changes.
[   52.243246] cloud-init[1380]: Generating locales (this might take a while)...
[   53.516939] cloud-init[1380]:   en_US.UTF-8... done
[   53.562129]          Stopping User Manager for UID 1000...
cloud-init[1380]: Generation complete.
[[0;32m  OK  [0m] Created slice User Slice of vagrant.
[[0;32m  OK  [0m] Started Session 2 of user vagrant.
         Starting User Manager for UID 1000...
[[0;32m  OK  [0m] Started User Manager for UID 1000.
[   54.439636] cloud-init[1380]: Cloud-init v. 21.1-19-gbad84ad4-0ubuntu1~16.04.2 running 'modules:config' at Wed, 03 Aug 2022 08:15:12 +0000. Up 52.00 seconds.
ci-info: no authorized SSH keys fingerprints found for user ubuntu.
<14>Aug  3 08:15:15 ec2:
<14>Aug  3 08:15:15 ec2: #############################################################
<14>Aug  3 08:15:15 ec2: -----BEGIN SSH HOST KEY FINGERPRINTS-----
<14>Aug  3 08:15:15 ec2: 1024 SHA256:b5rg5DZvvpy6TfIGKeX0o7kY1dJzWTQmJgjSnkIcfLc root@ubuntu-xenial (DSA)
<14>Aug  3 08:15:15 ec2: 256 SHA256:WnLT/xtazDjYDEfvQAVMyfec+INUGN9olB9Qg/qN9FY root@ubuntu-xenial (ECDSA)
<14>Aug  3 08:15:15 ec2: 256 SHA256:zzCOJ/S/1mILfmbKOZUTC/P080Io3rNUQ0DF45kgFJY root@ubuntu-xenial (ED25519)
<14>Aug  3 08:15:15 ec2: 2048 SHA256:+XDaZqLby/umJ2M3Fs+3YnO6lM3+UdEfOaPf8dSustg root@ubuntu-xenial (RSA)
<14>Aug  3 08:15:15 ec2: -----END SSH HOST KEY FINGERPRINTS-----
<14>Aug  3 08:15:15 ec2: #############################################################
-----BEGIN SSH HOST KEY KEYS-----
ecdsa-sha2-nistp256 AAAAE2VjZHNhLXNoYTItbmlzdHAyNTYAAAAIbmlzdHAyNTYAAABBBHennh9Ha7iwpdv+Lc3IIH1XPLHS0B9fvvTmCu42aaB52H0tkrJ0iXQbpzE3CKWOoUH1ysgdlkcIyPlOHgE1vQ4= root@ubuntu-xenial
ssh-ed25519 AAAAC3NzaC1lZDI1NTE5AAAAIJXjWmzHFduMYfNEHEJT5kAhySpyZbcVq1vgk/U/Lb5E root@ubuntu-xenial
ssh-rsa AAAAB3NzaC1yc2EAAAADAQABAAABAQDcqZvKatfzFqx9BjAlKRqcq/eHMx1FtFeEp43VP/hq7ms3bsWUBYXbNJ+1NlqX5UNNdrz9QYVjTVrJRVLwLDWEYWb5gp3EUcXSSzSaNFohBZcFLHChst3yJ5YeLXdoWPd9lNYvodkUFooxKp9ff2uTh2OTzOno0Tqb/RoASjIt+2Jp+Pkp/6cA37LAZIU9OUtcQakw/1ysbQn+aARCDpeeqAQ3+Gdvx5+j+yWnf/ztZB0ZhkOkvkmFBtxoDtbiFjwdv3tYWq7QyGg/M31QTyPVKK2QciJWk0v/sWOqcOzbuaHsK9ILzChKpsxs1Yoe4kqn0BkEH4bg9kjpflUtJp8n root@ubuntu-xenial
-----END SSH HOST KEY KEYS-----
[   55.751071]
Ucloud-initbuntu[1603]: Cloud-init v. 21.1-19-gbad84ad4-0ubuntu1~16.04.2 running 'modules:final' at Wed, 03 Aug 2022 08:15:15 +0000. Up 54.99 seconds. 16.04.7
[   55.809296] cloud-init[1603]: ci-info: no authorized SSH keys fingerprints found for user ubuntu.
L[   55.809351] TS appserver ttyS0

cloud-init[1603]: Cloud-init v. 21.1-19-gbad84ad4-0ubuntu1~16.04.2 finished at Wed, 03 Aug 2022 08:15:16 +0000. Datasource DataSourceNoCloud [seed=/dev/sdb][dsmode=net].  Up 55.51 seconds
appserver login:
